1120,0.00%,22084,src/lib.rs,src/lib.rs:brotli_decompressor::decode::BrotliDecompressStream
560,0.00%,22063,src/lib.rs,src/lib.rs:brotli_decompressor::decode::BrotliDecompressStream
504,0.00%,22030,src/lib.rs,src/lib.rs:brotli_decompressor::decode::BrotliDecompressStream
560,0.00%,22005,src/lib.rs,src/lib.rs:brotli_decompressor::decode::BrotliDecompressStream
1960,0.00%,21973,src/lib.rs,src/lib.rs:brotli_decompressor::decode::BrotliDecompressStream
2156,0.00%,21958,src/lib.rs,src/lib.rs:brotli_decompressor::decode::BrotliDecompressStream
2352,0.00%,21906,src/lib.rs,src/lib.rs:brotli_decompressor::decode::BrotliDecompressStream
2520,0.00%,21886,src/lib.rs,src/lib.rs:brotli_decompressor::decode::BrotliDecompressStream
1890,0.00%,21880,src/lib.rs,src/lib.rs:brotli_decompressor::decode::BrotliDecompressStream
2100,0.00%,21870,src/lib.rs,src/lib.rs:brotli_decompressor::decode::BrotliDecompressStream
516,0.00%,21681,src/lib.rs,src/lib.rs:brotli_decompressor::decode::BrotliDecompressStream
1118,0.00%,21676,src/lib.rs,src/lib.rs:brotli_decompressor::decode::BrotliDecompressStream
1170,0.00%,21639,src/lib.rs,src/lib.rs:brotli_decompressor::decode::BrotliDecompressStream
1170,0.00%,21633,src/lib.rs,src/lib.rs:brotli_decompressor::decode::BrotliDecompressStream
720,0.00%,21630,src/lib.rs,src/lib.rs:brotli_decompressor::decode::BrotliDecompressStream
1548,0.00%,21589,src/lib.rs,src/lib.rs:brotli_decompressor::decode::BrotliDecompressStream
1290,0.00%,21584,src/lib.rs,src/lib.rs:brotli_decompressor::decode::BrotliDecompressStream
1548,0.00%,21579,src/lib.rs,src/lib.rs:brotli_decompressor::decode::BrotliDecompressStream
1204,0.00%,21573,src/lib.rs,src/lib.rs:brotli_decompressor::decode::BrotliDecompressStream
128052316,0.02%,21397,src/lib.rs,src/lib.rs:brotli_decompressor::decode::ProcessCommandsInternal
55674920,0.01%,21392,src/lib.rs,src/lib.rs:brotli_decompressor::decode::ProcessCommandsInternal
429303210,0.08%,21336,src/lib.rs,src/lib.rs:brotli_decompressor::decode::ProcessCommandsInternal
78,0.00%,21308,src/lib.rs,src/lib.rs:brotli_decompressor::decode::ProcessCommandsInternal
108,0.00%,21297,src/lib.rs,src/lib.rs:brotli_decompressor::decode::ProcessCommandsInternal
228,0.00%,21287,src/lib.rs,src/lib.rs:brotli_decompressor::decode::ProcessCommandsInternal
108,0.00%,21273,src/lib.rs,src/lib.rs:brotli_decompressor::decode::ProcessCommandsInternal
96,0.00%,21265,src/lib.rs,src/lib.rs:brotli_decompressor::decode::ProcessCommandsInternal
203896880,0.04%,21223,src/lib.rs,src/lib.rs:brotli_decompressor::decode::ProcessCommandsInternal
43875888,0.01%,21218,src/lib.rs,src/lib.rs:brotli_decompressor::decode::ProcessCommandsInternal
124883746,0.02%,21181,src/lib.rs,src/lib.rs:brotli_decompressor::decode::ProcessCommandsInternal
96064420,0.02%,21176,src/lib.rs,src/lib.rs:brotli_decompressor::decode::ProcessCommandsInternal
105671940,0.02%,21154,src/lib.rs,src/lib.rs:brotli_decompressor::decode::ProcessCommandsInternal
201737340,0.04%,21146,src/lib.rs,src/lib.rs:brotli_decompressor::decode::ProcessCommandsInternal
76852320,0.01%,21117,src/lib.rs,src/lib.rs:brotli_decompressor::decode::ProcessCommandsInternal
89653740,0.02%,21097,src/lib.rs,src/lib.rs:brotli_decompressor::decode::ProcessCommandsInternal
93728910,0.02%,21087,src/lib.rs,src/lib.rs:brotli_decompressor::decode::ProcessCommandsInternal
336936496,0.06%,21066,src/lib.rs,src/lib.rs:brotli_decompressor::decode::ProcessCommandsInternal
195540,0.00%,21060,src/lib.rs,src/lib.rs:brotli_decompressor::decode::ProcessCommandsInternal
420975080,0.08%,21039,src/lib.rs,src/lib.rs:brotli_decompressor::decode::ProcessCommandsInternal
83534,0.00%,21023,src/lib.rs,src/lib.rs:brotli_decompressor::decode::ProcessCommandsInternal
336941360,0.06%,21009,src/lib.rs,src/lib.rs:brotli_decompressor::decode::ProcessCommandsInternal
157393312,0.03%,20993,src/lib.rs,src/lib.rs:brotli_decompressor::decode::ProcessCommandsInternal
228988560,0.04%,20957,src/lib.rs,src/lib.rs:brotli_decompressor::decode::ProcessCommandsInternal
1446540,0.00%,20835,src/lib.rs,src/lib.rs:brotli_decompressor::decode::memcpy_within_slice
1446540,0.00%,20833,src/lib.rs,src/lib.rs:brotli_decompressor::decode::memcpy_within_slice
15571020,0.00%,20829,src/lib.rs,src/lib.rs:brotli_decompressor::decode::memcpy_within_slice
32699142,0.01%,20827,src/lib.rs,src/lib.rs:brotli_decompressor::decode::memcpy_within_slice
470868000,0.09%,20818,src/lib.rs,src/lib.rs:brotli_decompressor::decode::ProcessCommandsInternal
470868000,0.09%,20810,src/lib.rs,src/lib.rs:brotli_decompressor::decode::ProcessCommandsInternal
200341904,0.04%,20791,src/lib.rs,src/lib.rs:brotli_decompressor::decode::ReadCommandInternal
372064212,0.07%,20764,src/lib.rs,src/lib.rs:brotli_decompressor::decode::ReadCommandInternal
286203240,0.05%,20759,src/lib.rs,src/lib.rs:brotli_decompressor::decode::ReadCommandInternal
110704,0.00%,20752,src/lib.rs,src/lib.rs:brotli_decompressor::decode::ReadCommandInternal
657955112,0.12%,20746,src/lib.rs,src/lib.rs:brotli_decompressor::decode::ReadCommandInternal
164003098,0.03%,20719,src/lib.rs,src/lib.rs:brotli_decompressor::decode::ReadDistanceInternal
14400540,0.00%,20677,src/lib.rs,src/lib.rs:brotli_decompressor::decode::ReadDistanceInternal
98032,0.00%,20665,src/lib.rs,src/lib.rs:brotli_decompressor::decode::ReadDistanceInternal
585921688,0.11%,20658,src/lib.rs,src/lib.rs:brotli_decompressor::decode::ReadDistanceInternal
19627880,0.00%,20624,src/lib.rs,src/lib.rs:brotli_decompressor::decode::TakeDistanceFromRingBuffer
1038752,0.00%,20613,src/lib.rs,src/lib.rs:brotli_decompressor::decode::TakeDistanceFromRingBuffer
980,0.00%,20585,src/lib.rs,src/lib.rs:brotli_decompressor::decode::ReadContextModes
,,20559,src/lib.rs,
22,0.00%,20552,src/lib.rs,src/lib.rs:brotli_decompressor::decode::BrotliAllocateRingBuffer
22,0.00%,20548,src/lib.rs,src/lib.rs:brotli_decompressor::decode::BrotliAllocateRingBuffer
28,0.00%,20524,src/lib.rs,src/lib.rs:brotli_decompressor::decode::BrotliAllocateRingBuffer
,,20512,src/lib.rs,
134920,0.00%,20377,src/lib.rs,src/lib.rs:brotli_decompressor::decode::WriteRingBuffer
134920,0.00%,20369,src/lib.rs,src/lib.rs:brotli_decompressor::decode::WriteRingBuffer
85488,0.00%,20295,src/lib.rs,src/lib.rs:brotli_decompressor::decode::DecodeDistanceBlockSwitchInternal
52608,0.00%,20291,src/lib.rs,src/lib.rs:brotli_decompressor::decode::DecodeDistanceBlockSwitchInternal
26874,0.00%,20247,src/lib.rs,src/lib.rs:brotli_decompressor::decode::DecodeCommandBlockSwitchInternal
67264,0.00%,20209,src/lib.rs,src/lib.rs:brotli_decompressor::decode::PrepareLiteralDecoding
84080,0.00%,20206,src/lib.rs,src/lib.rs:brotli_decompressor::decode::PrepareLiteralDecoding
100896,0.00%,20200,src/lib.rs,src/lib.rs:brotli_decompressor::decode::PrepareLiteralDecoding
75672,0.00%,20194,src/lib.rs,src/lib.rs:brotli_decompressor::decode::PrepareLiteralDecoding
939520,0.00%,20174,src/lib.rs,src/lib.rs:brotli_decompressor::decode::DetectTrivialLiteralBlockTypes
939520,0.00%,20169,src/lib.rs,src/lib.rs:brotli_decompressor::decode::DetectTrivialLiteralBlockTypes
939520,0.00%,20164,src/lib.rs,src/lib.rs:brotli_decompressor::decode::DetectTrivialLiteralBlockTypes
939520,0.00%,20159,src/lib.rs,src/lib.rs:brotli_decompressor::decode::DetectTrivialLiteralBlockTypes
46976,0.00%,20153,src/lib.rs,src/lib.rs:brotli_decompressor::decode::DetectTrivialLiteralBlockTypes
41594,0.00%,20148,src/lib.rs,src/lib.rs:brotli_decompressor::decode::DetectTrivialLiteralBlockTypes
161100,0.00%,20135,src/lib.rs,src/lib.rs:brotli_decompressor::decode::DecodeBlockTypeAndLength
125300,0.00%,20134,src/lib.rs,src/lib.rs:brotli_decompressor::decode::DecodeBlockTypeAndLength
53700,0.00%,20133,src/lib.rs,src/lib.rs:brotli_decompressor::decode::DecodeBlockTypeAndLength
14960,0.00%,20130,src/lib.rs,src/lib.rs:brotli_decompressor::decode::DecodeBlockTypeAndLength
147048,0.00%,20128,src/lib.rs,src/lib.rs:brotli_decompressor::decode::DecodeBlockTypeAndLength
340100,0.00%,20124,src/lib.rs,src/lib.rs:brotli_decompressor::decode::DecodeBlockTypeAndLength
140,0.00%,20119,src/lib.rs,src/lib.rs:brotli_decompressor::decode::DecodeBlockTypeAndLength
160,0.00%,20110,src/lib.rs,src/lib.rs:brotli_decompressor::decode::DecodeBlockTypeAndLength
112,0.00%,20101,src/lib.rs,src/lib.rs:brotli_decompressor::decode::DecodeBlockTypeAndLength
178900,0.00%,20096,src/lib.rs,src/lib.rs:brotli_decompressor::decode::DecodeBlockTypeAndLength
143120,0.00%,20094,src/lib.rs,src/lib.rs:brotli_decompressor::decode::DecodeBlockTypeAndLength
143120,0.00%,20092,src/lib.rs,src/lib.rs:brotli_decompressor::decode::DecodeBlockTypeAndLength
322308,0.00%,20083,src/lib.rs,src/lib.rs:brotli_decompressor::decode::DecodeBlockTypeAndLength
2255616,0.00%,19945,src/lib.rs,src/lib.rs:brotli_decompressor::decode::DecodeContextMapInner
128844,0.00%,19918,src/lib.rs,src/lib.rs:brotli_decompressor::decode::DecodeContextMapInner
17626,0.00%,19908,src/lib.rs,src/lib.rs:brotli_decompressor::decode::DecodeContextMapInner
2886,0.00%,19728,src/lib.rs,src/lib.rs:brotli_decompressor::decode::HuffmanTreeGroupDecode
1999640,0.00%,19651,src/lib.rs,src/lib.rs:brotli_decompressor::decode::InverseMoveToFrontTransform
12494132,0.00%,19647,src/lib.rs,src/lib.rs:brotli_decompressor::decode::InverseMoveToFrontTransform
24988264,0.00%,19646,src/lib.rs,src/lib.rs:brotli_decompressor::decode::InverseMoveToFrontTransform
1892270,0.00%,19642,src/lib.rs,src/lib.rs:brotli_decompressor::decode::InverseMoveToFrontTransform
4799136,0.00%,19638,src/lib.rs,src/lib.rs:brotli_decompressor::decode::InverseMoveToFrontTransform
1632,0.00%,19635,src/lib.rs,src/lib.rs:brotli_decompressor::decode::InverseMoveToFrontTransform
3264,0.00%,19628,src/lib.rs,src/lib.rs:brotli_decompressor::decode::InverseMoveToFrontTransform
1030,0.00%,19592,src/lib.rs,src/lib.rs:brotli_decompressor::decode::SafeReadBlockLengthFromIndex
1060,0.00%,19581,src/lib.rs,src/lib.rs:brotli_decompressor::decode::SafeReadBlockLengthFromIndex
161010,0.00%,19543,src/lib.rs,src/lib.rs:brotli_decompressor::decode::ReadBlockLength
89450,0.00%,19540,src/lib.rs,src/lib.rs:brotli_decompressor::decode::ReadBlockLength
123508,0.00%,19515,src/lib.rs,src/lib.rs:brotli_decompressor::decode::ReadHuffmanCode
5646080,0.00%,19473,src/lib.rs,src/lib.rs:brotli_decompressor::decode::ReadHuffmanCode
194084,0.00%,19468,src/lib.rs,src/lib.rs:brotli_decompressor::decode::ReadHuffmanCode
194084,0.00%,19383,src/lib.rs,src/lib.rs:brotli_decompressor::decode::ReadHuffmanCode
2860524,0.00%,19337,src/lib.rs,src/lib.rs:brotli_decompressor::decode::ReadCodeLengthCodeLengths
1327102,0.00%,19330,src/lib.rs,src/lib.rs:brotli_decompressor::decode::ReadCodeLengthCodeLengths
1895860,0.00%,19325,src/lib.rs,src/lib.rs:brotli_decompressor::decode::ReadCodeLengthCodeLengths
1706274,0.00%,19321,src/lib.rs,src/lib.rs:brotli_decompressor::decode::ReadCodeLengthCodeLengths
282304,0.00%,19295,src/lib.rs,src/lib.rs:brotli_decompressor::decode::ReadCodeLengthCodeLengths
2960,0.00%,19239,src/lib.rs,src/lib.rs:brotli_decompressor::decode::SafeReadSymbolCodeLengths
14971330,0.00%,19184,src/lib.rs,src/lib.rs:brotli_decompressor::decode::ReadSymbolCodeLengths
1133832,0.00%,19142,src/lib.rs,src/lib.rs:brotli_decompressor::decode::ProcessRepeatedCodeLength
1133832,0.00%,19138,src/lib.rs,src/lib.rs:brotli_decompressor::decode::ProcessRepeatedCodeLength
1322804,0.00%,19133,src/lib.rs,src/lib.rs:brotli_decompressor::decode::ProcessRepeatedCodeLength
14974536,0.00%,19125,src/lib.rs,src/lib.rs:brotli_decompressor::decode::ProcessRepeatedCodeLength
1322804,0.00%,19121,src/lib.rs,src/lib.rs:brotli_decompressor::decode::ProcessRepeatedCodeLength
17664428,0.00%,19081,src/lib.rs,src/lib.rs:brotli_decompressor::decode::ProcessSingleCodeLength
11429924,0.00%,19077,src/lib.rs,src/lib.rs:brotli_decompressor::decode::ProcessSingleCodeLength
11429924,0.00%,19072,src/lib.rs,src/lib.rs:brotli_decompressor::decode::ProcessSingleCodeLength
12469008,0.00%,19070,src/lib.rs,src/lib.rs:brotli_decompressor::decode::ProcessSingleCodeLength
29160,0.00%,19046,src/lib.rs,src/lib.rs:brotli_decompressor::decode::ReadSimpleHuffmanSymbols
35532,0.00%,19041,src/lib.rs,src/lib.rs:brotli_decompressor::decode::ReadSimpleHuffmanSymbols
27636,0.00%,19014,src/lib.rs,src/lib.rs:brotli_decompressor::decode::ReadSimpleHuffmanSymbols
84400080,0.02%,18984,src/lib.rs,src/lib.rs:brotli_decompressor::decode::ReadPreloadedSymbol
779051760,0.14%,18964,src/lib.rs,src/lib.rs:brotli_decompressor::decode::PreloadSymbol
2080,0.00%,18937,src/lib.rs,src/lib.rs:brotli_decompressor::decode::SafeDecodeSymbol
17400,0.00%,18921,src/lib.rs,src/lib.rs:brotli_decompressor::decode::SafeDecodeSymbol
,,18914,src/lib.rs,
920,0.00%,18913,src/lib.rs,src/lib.rs:brotli_decompressor::decode::SafeDecodeSymbol
47591300,0.01%,18891,src/lib.rs,src/lib.rs:brotli_decompressor::decode::ReadCommandInternal
657276744,0.12%,18884,src/lib.rs,src/lib.rs:brotli_decompressor::decode::ReadCommandInternal
,,18451,src/lib.rs,
,,18450,src/lib.rs,
42,0.00%,18449,src/lib.rs,src/lib.rs:brotli_decompressor::transform::TransformDictionaryWord
108,0.00%,18443,src/lib.rs,src/lib.rs:brotli_decompressor::transform::TransformDictionaryWord
,,18433,src/lib.rs,
96,0.00%,18424,src/lib.rs,src/lib.rs:brotli_decompressor::transform::TransformDictionaryWord
180,0.00%,18418,src/lib.rs,src/lib.rs:brotli_decompressor::transform::TransformDictionaryWord
210,0.00%,18417,src/lib.rs,src/lib.rs:brotli_decompressor::transform::TransformDictionaryWord
66,0.00%,18413,src/lib.rs,src/lib.rs:brotli_decompressor::transform::TransformDictionaryWord
36,0.00%,18405,src/lib.rs,src/lib.rs:brotli_decompressor::transform::TransformDictionaryWord
,,18398,src/lib.rs,
,,18397,src/lib.rs,
42,0.00%,18396,src/lib.rs,src/lib.rs:brotli_decompressor::transform::TransformDictionaryWord
132,0.00%,18391,src/lib.rs,src/lib.rs:brotli_decompressor::transform::TransformDictionaryWord
,,18382,src/lib.rs,
,,18379,src/lib.rs,
,,18378,src/lib.rs,
5011680,0.00%,12221,src/lib.rs,src/lib.rs:brotli_decompressor::huffman::BrotliBuildSimpleHuffmanTable
6515184,0.00%,12220,src/lib.rs,src/lib.rs:brotli_decompressor::huffman::BrotliBuildSimpleHuffmanTable
432,0.00%,12212,src/lib.rs,src/lib.rs:brotli_decompressor::huffman::BrotliBuildSimpleHuffmanTable
648,0.00%,12211,src/lib.rs,src/lib.rs:brotli_decompressor::huffman::BrotliBuildSimpleHuffmanTable
1188,0.00%,12210,src/lib.rs,src/lib.rs:brotli_decompressor::huffman::BrotliBuildSimpleHuffmanTable
972,0.00%,12209,src/lib.rs,src/lib.rs:brotli_decompressor::huffman::BrotliBuildSimpleHuffmanTable
972,0.00%,12208,src/lib.rs,src/lib.rs:brotli_decompressor::huffman::BrotliBuildSimpleHuffmanTable
972,0.00%,12207,src/lib.rs,src/lib.rs:brotli_decompressor::huffman::BrotliBuildSimpleHuffmanTable
2268,0.00%,12204,src/lib.rs,src/lib.rs:brotli_decompressor::huffman::BrotliBuildSimpleHuffmanTable
7560,0.00%,12203,src/lib.rs,src/lib.rs:brotli_decompressor::huffman::BrotliBuildSimpleHuffmanTable
648,0.00%,12200,src/lib.rs,src/lib.rs:brotli_decompressor::huffman::BrotliBuildSimpleHuffmanTable
756,0.00%,12199,src/lib.rs,src/lib.rs:brotli_decompressor::huffman::BrotliBuildSimpleHuffmanTable
756,0.00%,12198,src/lib.rs,src/lib.rs:brotli_decompressor::huffman::BrotliBuildSimpleHuffmanTable
1296,0.00%,12197,src/lib.rs,src/lib.rs:brotli_decompressor::huffman::BrotliBuildSimpleHuffmanTable
720,0.00%,12193,src/lib.rs,src/lib.rs:brotli_decompressor::huffman::BrotliBuildSimpleHuffmanTable
720,0.00%,12192,src/lib.rs,src/lib.rs:brotli_decompressor::huffman::BrotliBuildSimpleHuffmanTable
720,0.00%,12191,src/lib.rs,src/lib.rs:brotli_decompressor::huffman::BrotliBuildSimpleHuffmanTable
640,0.00%,12190,src/lib.rs,src/lib.rs:brotli_decompressor::huffman::BrotliBuildSimpleHuffmanTable
1280,0.00%,12188,src/lib.rs,src/lib.rs:brotli_decompressor::huffman::BrotliBuildSimpleHuffmanTable
560,0.00%,12181,src/lib.rs,src/lib.rs:brotli_decompressor::huffman::BrotliBuildSimpleHuffmanTable
560,0.00%,12180,src/lib.rs,src/lib.rs:brotli_decompressor::huffman::BrotliBuildSimpleHuffmanTable
800,0.00%,12179,src/lib.rs,src/lib.rs:brotli_decompressor::huffman::BrotliBuildSimpleHuffmanTable
480,0.00%,12176,src/lib.rs,src/lib.rs:brotli_decompressor::huffman::BrotliBuildSimpleHuffmanTable
1248,0.00%,12171,src/lib.rs,src/lib.rs:brotli_decompressor::huffman::BrotliBuildSimpleHuffmanTable
1872,0.00%,12170,src/lib.rs,src/lib.rs:brotli_decompressor::huffman::BrotliBuildSimpleHuffmanTable
288,0.00%,12168,src/lib.rs,src/lib.rs:brotli_decompressor::huffman::BrotliBuildSimpleHuffmanTable
240,0.00%,12167,src/lib.rs,src/lib.rs:brotli_decompressor::huffman::BrotliBuildSimpleHuffmanTable
336,0.00%,12166,src/lib.rs,src/lib.rs:brotli_decompressor::huffman::BrotliBuildSimpleHuffmanTable
336,0.00%,12165,src/lib.rs,src/lib.rs:brotli_decompressor::huffman::BrotliBuildSimpleHuffmanTable
1584,0.00%,12163,src/lib.rs,src/lib.rs:brotli_decompressor::huffman::BrotliBuildSimpleHuffmanTable
1320,0.00%,12162,src/lib.rs,src/lib.rs:brotli_decompressor::huffman::BrotliBuildSimpleHuffmanTable
1848,0.00%,12161,src/lib.rs,src/lib.rs:brotli_decompressor::huffman::BrotliBuildSimpleHuffmanTable
1848,0.00%,12160,src/lib.rs,src/lib.rs:brotli_decompressor::huffman::BrotliBuildSimpleHuffmanTable
1248,0.00%,12159,src/lib.rs,src/lib.rs:brotli_decompressor::huffman::BrotliBuildSimpleHuffmanTable
2760,0.00%,12158,src/lib.rs,src/lib.rs:brotli_decompressor::huffman::BrotliBuildSimpleHuffmanTable
1560,0.00%,12157,src/lib.rs,src/lib.rs:brotli_decompressor::huffman::BrotliBuildSimpleHuffmanTable
2184,0.00%,12156,src/lib.rs,src/lib.rs:brotli_decompressor::huffman::BrotliBuildSimpleHuffmanTable
1872,0.00%,12155,src/lib.rs,src/lib.rs:brotli_decompressor::huffman::BrotliBuildSimpleHuffmanTable
1872,0.00%,12154,src/lib.rs,src/lib.rs:brotli_decompressor::huffman::BrotliBuildSimpleHuffmanTable
1872,0.00%,12153,src/lib.rs,src/lib.rs:brotli_decompressor::huffman::BrotliBuildSimpleHuffmanTable
1872,0.00%,12152,src/lib.rs,src/lib.rs:brotli_decompressor::huffman::BrotliBuildSimpleHuffmanTable
,,12148,src/lib.rs,
,,12147,src/lib.rs,
,,12146,src/lib.rs,
,,12145,src/lib.rs,
1620,0.00%,12143,src/lib.rs,src/lib.rs:brotli_decompressor::huffman::BrotliBuildSimpleHuffmanTable
1350,0.00%,12142,src/lib.rs,src/lib.rs:brotli_decompressor::huffman::BrotliBuildSimpleHuffmanTable
1890,0.00%,12141,src/lib.rs,src/lib.rs:brotli_decompressor::huffman::BrotliBuildSimpleHuffmanTable
1620,0.00%,12140,src/lib.rs,src/lib.rs:brotli_decompressor::huffman::BrotliBuildSimpleHuffmanTable
810,0.00%,12139,src/lib.rs,src/lib.rs:brotli_decompressor::huffman::BrotliBuildSimpleHuffmanTable
2700,0.00%,12138,src/lib.rs,src/lib.rs:brotli_decompressor::huffman::BrotliBuildSimpleHuffmanTable
1620,0.00%,12137,src/lib.rs,src/lib.rs:brotli_decompressor::huffman::BrotliBuildSimpleHuffmanTable
1620,0.00%,12136,src/lib.rs,src/lib.rs:brotli_decompressor::huffman::BrotliBuildSimpleHuffmanTable
7224,0.00%,12134,src/lib.rs,src/lib.rs:brotli_decompressor::huffman::BrotliBuildSimpleHuffmanTable
4816,0.00%,12133,src/lib.rs,src/lib.rs:brotli_decompressor::huffman::BrotliBuildSimpleHuffmanTable
7224,0.00%,12132,src/lib.rs,src/lib.rs:brotli_decompressor::huffman::BrotliBuildSimpleHuffmanTable
14694120,0.00%,12115,src/lib.rs,src/lib.rs:brotli_decompressor::huffman::BrotliBuildHuffmanTable
8571570,0.00%,12105,src/lib.rs,src/lib.rs:brotli_decompressor::huffman::BrotliBuildHuffmanTable
2464872,0.00%,12096,src/lib.rs,src/lib.rs:brotli_decompressor::huffman::BrotliBuildHuffmanTable
2464872,0.00%,12093,src/lib.rs,src/lib.rs:brotli_decompressor::huffman::BrotliBuildHuffmanTable
10049228,0.00%,12084,src/lib.rs,src/lib.rs:brotli_decompressor::huffman::BrotliBuildHuffmanTable
5876736,0.00%,12070,src/lib.rs,src/lib.rs:brotli_decompressor::huffman::BrotliBuildHuffmanTable
7345920,0.00%,12065,src/lib.rs,src/lib.rs:brotli_decompressor::huffman::BrotliBuildHuffmanTable
7437164,0.00%,12045,src/lib.rs,src/lib.rs:brotli_decompressor::huffman::BrotliBuildHuffmanTable
953750,0.00%,12041,src/lib.rs,src/lib.rs:brotli_decompressor::huffman::BrotliBuildHuffmanTable
769230,0.00%,12017,src/lib.rs,src/lib.rs:brotli_decompressor::huffman::BrotliBuildHuffmanTable
1112272,0.00%,11988,src/lib.rs,src/lib.rs:brotli_decompressor::huffman::BrotliBuildCodeLengthsHuffmanTable
616770,0.00%,11985,src/lib.rs,src/lib.rs:brotli_decompressor::huffman::BrotliBuildCodeLengthsHuffmanTable
198,0.00%,11970,src/lib.rs,src/lib.rs:brotli_decompressor::huffman::BrotliBuildCodeLengthsHuffmanTable
154,0.00%,11967,src/lib.rs,src/lib.rs:brotli_decompressor::huffman::BrotliBuildCodeLengthsHuffmanTable
141152,0.00%,11963,src/lib.rs,src/lib.rs:brotli_decompressor::huffman::BrotliBuildCodeLengthsHuffmanTable
3493512,0.00%,11957,src/lib.rs,src/lib.rs:brotli_decompressor::huffman::BrotliBuildCodeLengthsHuffmanTable
4446288,0.00%,11952,src/lib.rs,src/lib.rs:brotli_decompressor::huffman::BrotliBuildCodeLengthsHuffmanTable
1270368,0.00%,11951,src/lib.rs,src/lib.rs:brotli_decompressor::huffman::BrotliBuildCodeLengthsHuffmanTable
2858328,0.00%,11945,src/lib.rs,src/lib.rs:brotli_decompressor::huffman::BrotliBuildCodeLengthsHuffmanTable
1905552,0.00%,11944,src/lib.rs,src/lib.rs:brotli_decompressor::huffman::BrotliBuildCodeLengthsHuffmanTable
123508,0.00%,11937,src/lib.rs,src/lib.rs:brotli_decompressor::huffman::BrotliBuildCodeLengthsHuffmanTable
1058640,0.00%,11934,src/lib.rs,src/lib.rs:brotli_decompressor::huffman::BrotliBuildCodeLengthsHuffmanTable
1058640,0.00%,11933,src/lib.rs,src/lib.rs:brotli_decompressor::huffman::BrotliBuildCodeLengthsHuffmanTable
5537376,0.00%,11911,src/lib.rs,src/lib.rs:brotli_decompressor::huffman::NextTableBitSize
55996480,0.01%,11903,src/lib.rs,src/lib.rs:brotli_decompressor::huffman::ReplicateValue
19996690,0.00%,11896,src/lib.rs,src/lib.rs:brotli_decompressor::huffman::BrotliReverseBits
13940664,0.00%,11842,src/lib.rs,src/lib.rs:brotli_decompressor::huffman::HuffmanTreeGroup::build_hgroup_cache
,,11827,src/lib.rs,
,,11825,src/lib.rs,
,,11820,src/lib.rs,
,,11818,src/lib.rs,
,,11675,src/lib.rs,
,,11529,src/lib.rs,
882222,0.00%,11525,src/lib.rs,src/lib.rs:brotli_decompressor::bit_reader::BrotliPullByte
288677196,0.05%,11421,src/lib.rs,src/lib.rs:brotli_decompressor::decode::ReadPreloadedSymbol
37512960,0.01%,11409,src/lib.rs,src/lib.rs:brotli_decompressor::decode::ReadCommandInternal
,,11402,src/lib.rs,
,,11401,src/lib.rs,
835690548,0.15%,11347,src/lib.rs,src/lib.rs:brotli_decompressor::bit_reader::BitMask
